TN:
SF:src\constants\routes.js
FN:13,(anonymous_0)
FNF:1
FNH:1
FNDA:43,(anonymous_0)
DA:6,6
DA:13,6
DA:14,43
DA:16,11
DA:18,16
DA:20,3
DA:22,12
DA:24,1
LF:8
LH:8
BRDA:14,0,0,11
BRDA:14,0,1,16
BRDA:14,0,2,3
BRDA:14,0,3,12
BRDA:14,0,4,1
BRF:5
BRH:5
end_of_record
TN:
SF:src\constants\usersTest.js
FNF:0
FNH:0
LF:0
LH:0
BRF:0
BRH:0
end_of_record
TN:
SF:src\containers\Bills.js
FN:6,(anonymous_0)
FN:19,(anonymous_1)
FN:20,(anonymous_2)
FN:27,(anonymous_3)
FN:31,(anonymous_4)
FN:42,(anonymous_5)
FN:47,(anonymous_6)
FN:49,(anonymous_7)
FNF:8
FNH:8
FNDA:14,(anonymous_0)
FNDA:68,(anonymous_1)
FNDA:1,(anonymous_2)
FNDA:1,(anonymous_3)
FNDA:2,(anonymous_4)
FNDA:7,(anonymous_5)
FNDA:5,(anonymous_6)
FNDA:20,(anonymous_7)
DA:7,14
DA:8,14
DA:9,14
DA:10,14
DA:13,14
DA:14,13
DA:15,14
DA:18,14
DA:19,14
DA:20,68
DA:21,1
DA:24,14
DA:27,14
DA:28,1
DA:31,14
DA:32,2
DA:33,2
DA:34,2
DA:39,2
DA:42,14
DA:43,7
DA:44,7
DA:48,5
DA:49,5
DA:50,20
DA:51,20
DA:59,0
DA:60,0
DA:67,5
DA:68,5
LF:30
LH:28
BRDA:13,0,0,13
BRDA:13,0,1,1
BRDA:18,1,0,14
BRDA:18,1,1,0
BRDA:43,2,0,7
BRDA:43,2,1,0
BRDA:53,3,0,20
BRDA:53,3,1,0
BRF:8
BRH:5
end_of_record
TN:
SF:src\containers\Dashboard.js
FN:8,(anonymous_0)
FN:10,(anonymous_1)
FN:30,(anonymous_2)
FN:55,(anonymous_3)
FN:56,(anonymous_4)
FN:59,(anonymous_5)
FN:71,(anonymous_6)
FN:75,(anonymous_7)
FN:76,(anonymous_8)
FN:77,(anonymous_9)
FN:81,(anonymous_10)
FN:88,(anonymous_11)
FN:92,(anonymous_12)
FN:109,(anonymous_13)
FN:110,(anonymous_14)
FN:113,(anonymous_15)
FN:123,(anonymous_16)
FN:133,(anonymous_17)
FN:148,(anonymous_18)
FN:149,(anonymous_19)
FN:156,(anonymous_20)
FN:161,(anonymous_21)
FN:163,(anonymous_22)
FN:171,(anonymous_23)
FNF:24
FNH:19
FNDA:47,(anonymous_0)
FNDA:116,(anonymous_1)
FNDA:6,(anonymous_2)
FNDA:6,(anonymous_3)
FNDA:6,(anonymous_4)
FNDA:5,(anonymous_5)
FNDA:15,(anonymous_6)
FNDA:0,(anonymous_7)
FNDA:0,(anonymous_8)
FNDA:0,(anonymous_9)
FNDA:1,(anonymous_10)
FNDA:3,(anonymous_11)
FNDA:8,(anonymous_12)
FNDA:0,(anonymous_13)
FNDA:0,(anonymous_14)
FNDA:1,(anonymous_15)
FNDA:1,(anonymous_16)
FNDA:5,(anonymous_17)
FNDA:20,(anonymous_18)
FNDA:3,(anonymous_19)
FNDA:5,(anonymous_20)
FNDA:3,(anonymous_21)
FNDA:12,(anonymous_22)
FNDA:2,(anonymous_23)
DA:8,6
DA:9,47
DA:14,116
DA:15,116
DA:26,116
DA:30,6
DA:31,6
DA:32,6
DA:34,6
DA:37,6
DA:55,6
DA:56,6
DA:59,6
DA:60,5
DA:62,3
DA:64,1
DA:66,1
DA:72,15
DA:73,15
DA:74,15
DA:75,15
DA:76,15
DA:77,15
DA:78,15
DA:81,15
DA:82,1
DA:83,1
DA:84,1
DA:85,1
DA:89,3
DA:90,3
DA:91,3
DA:92,2
DA:93,8
DA:95,2
DA:96,2
DA:97,2
DA:98,2
DA:100,1
DA:102,1
DA:105,1
DA:106,1
DA:108,3
DA:109,3
DA:110,3
DA:113,15
DA:114,1
DA:119,1
DA:120,1
DA:123,15
DA:124,1
DA:129,1
DA:130,1
DA:134,5
DA:135,5
DA:136,5
DA:137,5
DA:138,5
DA:140,5
DA:142,0
DA:143,0
DA:145,0
DA:148,5
DA:149,20
DA:152,5
DA:156,15
DA:157,5
DA:158,5
DA:162,3
DA:163,12
DA:169,3
DA:172,2
LF:72
LH:69
BRDA:9,0,0,29
BRDA:9,0,1,18
BRDA:9,1,0,47
BRDA:9,1,1,29
BRDA:14,2,0,116
BRDA:14,2,1,0
BRDA:32,3,0,0
BRDA:32,3,1,6
BRDA:34,4,0,0
BRDA:34,4,1,6
BRDA:56,5,0,5
BRDA:56,5,1,1
BRDA:56,6,0,6
BRDA:56,6,1,6
BRDA:60,7,0,3
BRDA:60,7,1,1
BRDA:60,7,2,1
BRDA:85,8,0,0
BRDA:85,8,1,1
BRDA:89,9,0,2
BRDA:89,9,1,1
BRDA:89,10,0,3
BRDA:89,10,1,3
BRDA:90,11,0,2
BRDA:90,11,1,1
BRDA:90,12,0,3
BRDA:90,12,1,1
BRDA:91,13,0,2
BRDA:91,13,1,1
BRDA:134,14,0,5
BRDA:134,14,1,0
BRDA:134,15,0,5
BRDA:134,15,1,2
BRDA:135,16,0,5
BRDA:135,16,1,0
BRDA:135,17,0,5
BRDA:135,17,1,2
BRDA:136,18,0,5
BRDA:136,18,1,0
BRDA:157,19,0,5
BRDA:157,19,1,0
BRF:41
BRH:33
end_of_record
TN:
SF:src\containers\Login.js
FN:6,(anonymous_0)
FN:27,(anonymous_1)
FN:41,(anonymous_2)
FN:42,(anonymous_3)
FN:50,(anonymous_4)
FN:64,(anonymous_5)
FN:65,(anonymous_6)
FN:74,(anonymous_7)
FN:83,(anonymous_8)
FN:92,(anonymous_9)
FN:104,(anonymous_10)
FNF:11
FNH:5
FNDA:5,(anonymous_0)
FNDA:2,(anonymous_1)
FNDA:0,(anonymous_2)
FNDA:2,(anonymous_3)
FNDA:2,(anonymous_4)
FNDA:0,(anonymous_5)
FNDA:2,(anonymous_6)
FNDA:0,(anonymous_7)
FNDA:0,(anonymous_8)
FNDA:0,(anonymous_9)
FNDA:0,(anonymous_10)
DA:2,4
DA:13,5
DA:14,5
DA:15,5
DA:16,5
DA:17,5
DA:18,5
DA:21,5
DA:22,5
DA:25,5
DA:27,5
DA:28,2
DA:29,2
DA:39,2
DA:40,2
DA:41,0
DA:43,2
DA:44,2
DA:45,2
DA:46,2
DA:50,5
DA:51,2
DA:52,2
DA:62,2
DA:63,2
DA:64,0
DA:66,2
DA:67,2
DA:68,2
DA:69,2
DA:74,5
DA:75,0
DA:76,0
DA:84,0
DA:87,0
DA:92,5
DA:93,0
DA:94,0
DA:105,0
DA:106,0
DA:109,0
LF:41
LH:30
BRDA:75,0,0,0
BRDA:75,0,1,0
BRDA:93,1,0,0
BRDA:93,1,1,0
BRF:4
BRH:0
end_of_record
TN:
SF:src\containers\Logout.js
FN:4,(anonymous_0)
FN:11,(anonymous_1)
FNF:2
FNH:2
FNDA:34,(anonymous_0)
FNDA:2,(anonymous_1)
DA:5,34
DA:6,34
DA:7,34
DA:8,34
DA:11,34
DA:12,2
DA:13,2
LF:7
LH:7
BRF:0
BRH:0
end_of_record
TN:
SF:src\containers\NewBill.js
FN:4,(anonymous_0)
FN:17,(anonymous_1)
FN:36,(anonymous_2)
FN:41,(anonymous_3)
FN:47,(anonymous_4)
FN:68,(anonymous_5)
FN:73,(anonymous_6)
FN:76,(anonymous_7)
FNF:8
FNH:6
FNDA:4,(anonymous_0)
FNDA:3,(anonymous_1)
FNDA:1,(anonymous_2)
FNDA:0,(anonymous_3)
FNDA:2,(anonymous_4)
FNDA:2,(anonymous_5)
FNDA:2,(anonymous_6)
FNDA:0,(anonymous_7)
DA:5,4
DA:6,4
DA:7,4
DA:8,4
DA:9,4
DA:10,4
DA:11,4
DA:12,4
DA:13,4
DA:14,4
DA:15,4
DA:17,4
DA:18,3
DA:19,3
DA:20,3
DA:21,3
DA:22,3
DA:23,1
DA:24,1
DA:25,1
DA:26,1
DA:27,1
DA:28,1
DA:37,1
DA:38,1
DA:39,1
DA:40,1
DA:41,0
DA:43,2
DA:44,2
DA:47,4
DA:48,2
DA:49,2
DA:50,2
DA:51,2
DA:64,2
DA:65,2
DA:68,4
DA:69,2
DA:70,2
DA:74,2
DA:76,0
LF:42
LH:40
BRDA:22,0,0,1
BRDA:22,0,1,2
BRDA:58,1,0,2
BRDA:58,1,1,2
BRDA:69,2,0,2
BRDA:69,2,1,0
BRF:6
BRH:5
end_of_record
TN:
SF:src\views\Actions.js
FN:4,(anonymous_0)
FNF:1
FNH:1
FNDA:30,(anonymous_0)
DA:5,30
LF:1
LH:1
BRF:0
BRH:0
end_of_record
TN:
SF:src\views\BillsUI.js
FN:8,(anonymous_0)
FN:23,(anonymous_1)
FN:24,(anonymous_2)
FN:29,(anonymous_3)
FN:34,(anonymous_4)
FN:36,(anonymous_5)
FNF:6
FNH:6
FNDA:28,(anonymous_0)
FNDA:14,(anonymous_1)
FNDA:39,(anonymous_2)
FNDA:28,(anonymous_3)
FNDA:23,(anonymous_4)
FNDA:14,(anonymous_5)
DA:8,6
DA:9,28
DA:23,6
DA:24,39
DA:26,14
DA:29,28
DA:36,23
DA:53,23
DA:54,7
DA:55,16
DA:56,2
DA:59,14
LF:12
LH:12
BRDA:24,0,0,21
BRDA:24,0,1,18
BRDA:26,1,0,7
BRDA:26,1,1,7
BRDA:26,2,0,14
BRDA:26,2,1,8
BRDA:53,3,0,7
BRDA:53,3,1,16
BRDA:55,4,0,2
BRDA:55,4,1,14
BRF:10
BRH:10
end_of_record
TN:
SF:src\views\DashboardFormUI.js
FN:7,(anonymous_0)
FN:24,(anonymous_1)
FNF:2
FNH:2
FNDA:9,(anonymous_0)
FNDA:9,(anonymous_1)
DA:7,9
DA:26,9
LF:2
LH:2
BRDA:79,0,0,6
BRDA:79,0,1,3
BRDA:92,1,0,6
BRDA:92,1,1,3
BRF:4
BRH:4
end_of_record
TN:
SF:src\views\DashboardUI.js
FN:8,(anonymous_0)
FNF:1
FNH:1
FNDA:22,(anonymous_0)
DA:10,22
DA:11,6
DA:12,16
DA:13,3
DA:16,13
LF:5
LH:5
BRDA:10,0,0,6
BRDA:10,0,1,16
BRDA:12,1,0,3
BRDA:12,1,1,13
BRDA:22,2,0,13
BRDA:22,2,1,8
BRDA:29,3,0,13
BRDA:29,3,1,8
BRDA:36,4,0,13
BRDA:36,4,1,8
BRF:10
BRH:10
end_of_record
TN:
SF:src\views\ErrorPage.js
FN:3,(anonymous_0)
FNF:1
FNH:1
FNDA:7,(anonymous_0)
DA:4,7
LF:1
LH:1
BRDA:12,0,0,6
BRDA:12,0,1,1
BRF:2
BRH:2
end_of_record
TN:
SF:src\views\LoadingPage.js
FN:3,(anonymous_0)
FNF:1
FNH:1
FNDA:14,(anonymous_0)
DA:5,14
LF:1
LH:1
BRF:0
BRH:0
end_of_record
TN:
SF:src\views\LoginUI.js
FN:2,(anonymous_0)
FNF:1
FNH:1
FNDA:18,(anonymous_0)
DA:4,18
LF:1
LH:1
BRF:0
BRH:0
end_of_record
TN:
SF:src\views\NewBillUI.js
FN:3,(anonymous_0)
FNF:1
FNH:1
FNDA:7,(anonymous_0)
DA:5,7
LF:1
LH:1
BRF:0
BRH:0
end_of_record
TN:
SF:src\views\VerticalLayout.js
FN:5,(anonymous_0)
FNF:1
FNH:1
FNDA:56,(anonymous_0)
DA:7,56
DA:8,56
DA:9,44
DA:11,56
DA:12,27
DA:29,29
LF:6
LH:6
BRDA:8,0,0,44
BRDA:8,0,1,12
BRDA:11,1,0,27
BRDA:11,1,1,29
BRDA:11,2,0,56
BRDA:11,2,1,44
BRF:6
BRH:6
end_of_record
